<?xml version="1.0" encoding="UTF-8"?>
<!-- Generated by org.testng.reporters.JUnitXMLReporter -->
<testsuite hostname="IN-MH1DSW101024" ignored="0" name="Default test" tests="5" failures="0" timestamp="29 Jun 2018 05:21:06 GMT" time="187.709" errors="0">
  <testcase name="createNewContactTest" time="11.125" classname="com.crm.qa.Tests.ContactsPageTest"/>
  <testcase name="createNewContactTest" time="9.885" classname="com.crm.qa.Tests.ContactsPageTest"/>
  <testcase name="createNewContactTest" time="12.034" classname="com.crm.qa.Tests.ContactsPageTest"/>
  <testcase name="createNewContactTest" time="10.577" classname="com.crm.qa.Tests.ContactsPageTest"/>
  <testcase name="createNewContactTest" time="10.694" classname="com.crm.qa.Tests.ContactsPageTest"/>
</testsuite> <!-- Default test -->
