<?xml version="1.0" encoding="UTF-8"?>
<!-- Generated by org.testng.reporters.JUnitXMLReporter -->
<testsuite ignored="0" hostname="DESKTOP-SBFP0CK" failures="0" tests="11" name="Test" time="345.049" errors="0" timestamp="01 Jul 2018 17:30:13 GMT">
  <testcase classname="com.crm.qa.Tests.LoginPageTest" name="CRMLogoTest" time="1.675"/>
  <testcase classname="com.crm.qa.Tests.LoginPageTest" name="loginPageTitleTest" time="0.24"/>
  <testcase classname="com.crm.qa.Tests.LoginPageTest" name="loginTest" time="18.605"/>
  <testcase classname="com.crm.qa.Tests.HomePageTest" name="newContactsTest" time="2.48"/>
  <testcase classname="com.crm.qa.Tests.HomePageTest" name="verifyContactLinkTest" time="0.29"/>
  <testcase classname="com.crm.qa.Tests.HomePageTest" name="verifyHomepageUsername" time="0.387"/>
  <testcase classname="com.crm.qa.Tests.ContactsPageTest" name="createNewContactTest" time="11.053"/>
  <testcase classname="com.crm.qa.Tests.ContactsPageTest" name="createNewContactTest" time="10.633"/>
  <testcase classname="com.crm.qa.Tests.ContactsPageTest" name="createNewContactTest" time="10.471"/>
  <testcase classname="com.crm.qa.Tests.ContactsPageTest" name="createNewContactTest" time="10.58"/>
  <testcase classname="com.crm.qa.Tests.ContactsPageTest" name="createNewContactTest" time="10.269"/>
</testsuite> <!-- Test -->
