<?xml version="1.0" encoding="UTF-8"?>
<testng-results ignored="0" total="11" passed="11" failed="0" skipped="0">
  <reporter-output>
  </reporter-output>
  <suite started-at="2018-07-01T17:24:28Z" name="Suite" finished-at="2018-07-01T17:30:13Z" duration-ms="345049">
    <groups>
    </groups>
    <test started-at="2018-07-01T17:24:28Z" name="Test" finished-at="2018-07-01T17:30:13Z" duration-ms="345049">
      <class name="com.crm.qa.Tests.ContactsPageTest">
        <test-method is-config="true" signature="setUp()[pri:0, instance:com.crm.qa.Tests.ContactsPageTest@865dd6]" started-at="2018-07-01T17:27:43Z" name="setUp" finished-at="2018-07-01T17:28:03Z" duration-ms="20357" status="PASS">
          <reporter-output>
          </reporter-output>
        </test-method> <!-- setUp -->
        <test-method signature="createNewContactTest(java.lang.String, java.lang.String, java.lang.String, java.lang.String, java.lang.String)[pri:0, instance:com.crm.qa.Tests.ContactsPageTest@865dd6]" started-at="2018-07-01T17:28:03Z" name="createNewContactTest" data-provider="testDataNewContact" finished-at="2018-07-01T17:28:14Z" duration-ms="11053" status="PASS">
          <params>
            <param index="0">
              <value>
                <![CDATA[Firstname01]]>
              </value>
            </param>
            <param index="1">
              <value>
                <![CDATA[Middlename01]]>
              </value>
            </param>
            <param index="2">
              <value>
                <![CDATA[Lastname01]]>
              </value>
            </param>
            <param index="3">
              <value>
                <![CDATA[Friend]]>
              </value>
            </param>
            <param index="4">
              <value>
                <![CDATA[1.11111111111E11]]>
              </value>
            </param>
          </params>
          <reporter-output>
          </reporter-output>
        </test-method> <!-- createNewContactTest -->
        <test-method is-config="true" signature="tearDown()[pri:0, instance:com.crm.qa.Tests.ContactsPageTest@865dd6]" started-at="2018-07-01T17:28:14Z" name="tearDown" finished-at="2018-07-01T17:28:15Z" duration-ms="1202" status="PASS">
          <reporter-output>
          </reporter-output>
        </test-method> <!-- tearDown -->
        <test-method is-config="true" signature="setUp()[pri:0, instance:com.crm.qa.Tests.ContactsPageTest@865dd6]" started-at="2018-07-01T17:28:15Z" name="setUp" finished-at="2018-07-01T17:28:32Z" duration-ms="17016" status="PASS">
          <reporter-output>
          </reporter-output>
        </test-method> <!-- setUp -->
        <test-method signature="createNewContactTest(java.lang.String, java.lang.String, java.lang.String, java.lang.String, java.lang.String)[pri:0, instance:com.crm.qa.Tests.ContactsPageTest@865dd6]" started-at="2018-07-01T17:28:32Z" name="createNewContactTest" data-provider="testDataNewContact" finished-at="2018-07-01T17:28:43Z" duration-ms="10633" status="PASS">
          <params>
            <param index="0">
              <value>
                <![CDATA[Firstname02]]>
              </value>
            </param>
            <param index="1">
              <value>
                <![CDATA[Middlename02]]>
              </value>
            </param>
            <param index="2">
              <value>
                <![CDATA[Lastname02]]>
              </value>
            </param>
            <param index="3">
              <value>
                <![CDATA[Friend]]>
              </value>
            </param>
            <param index="4">
              <value>
                <![CDATA[2.22222222222E11]]>
              </value>
            </param>
          </params>
          <reporter-output>
          </reporter-output>
        </test-method> <!-- createNewContactTest -->
        <test-method is-config="true" signature="tearDown()[pri:0, instance:com.crm.qa.Tests.ContactsPageTest@865dd6]" started-at="2018-07-01T17:28:43Z" name="tearDown" finished-at="2018-07-01T17:28:44Z" duration-ms="1231" status="PASS">
          <reporter-output>
          </reporter-output>
        </test-method> <!-- tearDown -->
        <test-method is-config="true" signature="setUp()[pri:0, instance:com.crm.qa.Tests.ContactsPageTest@865dd6]" started-at="2018-07-01T17:28:44Z" name="setUp" finished-at="2018-07-01T17:29:03Z" duration-ms="19145" status="PASS">
          <reporter-output>
          </reporter-output>
        </test-method> <!-- setUp -->
        <test-method signature="createNewContactTest(java.lang.String, java.lang.String, java.lang.String, java.lang.String, java.lang.String)[pri:0, instance:com.crm.qa.Tests.ContactsPageTest@865dd6]" started-at="2018-07-01T17:29:03Z" name="createNewContactTest" data-provider="testDataNewContact" finished-at="2018-07-01T17:29:14Z" duration-ms="10471" status="PASS">
          <params>
            <param index="0">
              <value>
                <![CDATA[Firstname03]]>
              </value>
            </param>
            <param index="1">
              <value>
                <![CDATA[Middlename03]]>
              </value>
            </param>
            <param index="2">
              <value>
                <![CDATA[Lastname03]]>
              </value>
            </param>
            <param index="3">
              <value>
                <![CDATA[Friend]]>
              </value>
            </param>
            <param index="4">
              <value>
                <![CDATA[3.33333333333E11]]>
              </value>
            </param>
          </params>
          <reporter-output>
          </reporter-output>
        </test-method> <!-- createNewContactTest -->
        <test-method is-config="true" signature="tearDown()[pri:0, instance:com.crm.qa.Tests.ContactsPageTest@865dd6]" started-at="2018-07-01T17:29:14Z" name="tearDown" finished-at="2018-07-01T17:29:15Z" duration-ms="1176" status="PASS">
          <reporter-output>
          </reporter-output>
        </test-method> <!-- tearDown -->
        <test-method is-config="true" signature="setUp()[pri:0, instance:com.crm.qa.Tests.ContactsPageTest@865dd6]" started-at="2018-07-01T17:29:15Z" name="setUp" finished-at="2018-07-01T17:29:32Z" duration-ms="16637" status="PASS">
          <reporter-output>
          </reporter-output>
        </test-method> <!-- setUp -->
        <test-method signature="createNewContactTest(java.lang.String, java.lang.String, java.lang.String, java.lang.String, java.lang.String)[pri:0, instance:com.crm.qa.Tests.ContactsPageTest@865dd6]" started-at="2018-07-01T17:29:32Z" name="createNewContactTest" data-provider="testDataNewContact" finished-at="2018-07-01T17:29:42Z" duration-ms="10580" status="PASS">
          <params>
            <param index="0">
              <value>
                <![CDATA[Firstname04]]>
              </value>
            </param>
            <param index="1">
              <value>
                <![CDATA[Middlename04]]>
              </value>
            </param>
            <param index="2">
              <value>
                <![CDATA[Lastname04]]>
              </value>
            </param>
            <param index="3">
              <value>
                <![CDATA[Friend]]>
              </value>
            </param>
            <param index="4">
              <value>
                <![CDATA[4.4444444444E10]]>
              </value>
            </param>
          </params>
          <reporter-output>
          </reporter-output>
        </test-method> <!-- createNewContactTest -->
        <test-method is-config="true" signature="tearDown()[pri:0, instance:com.crm.qa.Tests.ContactsPageTest@865dd6]" started-at="2018-07-01T17:29:42Z" name="tearDown" finished-at="2018-07-01T17:29:43Z" duration-ms="1094" status="PASS">
          <reporter-output>
          </reporter-output>
        </test-method> <!-- tearDown -->
        <test-method is-config="true" signature="setUp()[pri:0, instance:com.crm.qa.Tests.ContactsPageTest@865dd6]" started-at="2018-07-01T17:29:43Z" name="setUp" finished-at="2018-07-01T17:30:01Z" duration-ms="17870" status="PASS">
          <reporter-output>
          </reporter-output>
        </test-method> <!-- setUp -->
        <test-method signature="createNewContactTest(java.lang.String, java.lang.String, java.lang.String, java.lang.String, java.lang.String)[pri:0, instance:com.crm.qa.Tests.ContactsPageTest@865dd6]" started-at="2018-07-01T17:30:01Z" name="createNewContactTest" data-provider="testDataNewContact" finished-at="2018-07-01T17:30:12Z" duration-ms="10269" status="PASS">
          <params>
            <param index="0">
              <value>
                <![CDATA[Firstname05]]>
              </value>
            </param>
            <param index="1">
              <value>
                <![CDATA[Middlename05]]>
              </value>
            </param>
            <param index="2">
              <value>
                <![CDATA[Lastname05]]>
              </value>
            </param>
            <param index="3">
              <value>
                <![CDATA[Friend]]>
              </value>
            </param>
            <param index="4">
              <value>
                <![CDATA[5.5555555555E10]]>
              </value>
            </param>
          </params>
          <reporter-output>
          </reporter-output>
        </test-method> <!-- createNewContactTest -->
        <test-method is-config="true" signature="tearDown()[pri:0, instance:com.crm.qa.Tests.ContactsPageTest@865dd6]" started-at="2018-07-01T17:30:12Z" name="tearDown" finished-at="2018-07-01T17:30:13Z" duration-ms="1111" status="PASS">
          <reporter-output>
          </reporter-output>
        </test-method> <!-- tearDown -->
      </class> <!-- com.crm.qa.Tests.ContactsPageTest -->
      <class name="com.crm.qa.Tests.HomePageTest">
        <test-method is-config="true" signature="setUp()[pri:0, instance:com.crm.qa.Tests.HomePageTest@1649b0e6]" started-at="2018-07-01T17:26:29Z" name="setUp" finished-at="2018-07-01T17:26:50Z" duration-ms="21031" status="PASS">
          <reporter-output>
          </reporter-output>
        </test-method> <!-- setUp -->
        <test-method signature="newContactsTest()[pri:0, instance:com.crm.qa.Tests.HomePageTest@1649b0e6]" started-at="2018-07-01T17:26:50Z" name="newContactsTest" finished-at="2018-07-01T17:26:53Z" duration-ms="2480" status="PASS">
          <reporter-output>
          </reporter-output>
        </test-method> <!-- newContactsTest -->
        <test-method is-config="true" signature="tearDown()[pri:0, instance:com.crm.qa.Tests.HomePageTest@1649b0e6]" started-at="2018-07-01T17:26:53Z" name="tearDown" finished-at="2018-07-01T17:26:54Z" duration-ms="1507" status="PASS">
          <reporter-output>
          </reporter-output>
        </test-method> <!-- tearDown -->
        <test-method is-config="true" signature="setUp()[pri:0, instance:com.crm.qa.Tests.HomePageTest@1649b0e6]" started-at="2018-07-01T17:26:54Z" name="setUp" finished-at="2018-07-01T17:27:14Z" duration-ms="20405" status="PASS">
          <reporter-output>
          </reporter-output>
        </test-method> <!-- setUp -->
        <test-method signature="verifyContactLinkTest()[pri:0, instance:com.crm.qa.Tests.HomePageTest@1649b0e6]" started-at="2018-07-01T17:27:14Z" name="verifyContactLinkTest" finished-at="2018-07-01T17:27:15Z" duration-ms="290" status="PASS">
          <reporter-output>
          </reporter-output>
        </test-method> <!-- verifyContactLinkTest -->
        <test-method is-config="true" signature="tearDown()[pri:0, instance:com.crm.qa.Tests.HomePageTest@1649b0e6]" started-at="2018-07-01T17:27:15Z" name="tearDown" finished-at="2018-07-01T17:27:16Z" duration-ms="1168" status="PASS">
          <reporter-output>
          </reporter-output>
        </test-method> <!-- tearDown -->
        <test-method is-config="true" signature="setUp()[pri:0, instance:com.crm.qa.Tests.HomePageTest@1649b0e6]" started-at="2018-07-01T17:27:16Z" name="setUp" finished-at="2018-07-01T17:27:35Z" duration-ms="18644" status="PASS">
          <reporter-output>
          </reporter-output>
        </test-method> <!-- setUp -->
        <test-method signature="verifyHomepageUsername()[pri:0, instance:com.crm.qa.Tests.HomePageTest@1649b0e6]" started-at="2018-07-01T17:27:35Z" name="verifyHomepageUsername" finished-at="2018-07-01T17:27:35Z" duration-ms="387" status="PASS">
          <reporter-output>
          </reporter-output>
        </test-method> <!-- verifyHomepageUsername -->
        <test-method is-config="true" signature="tearDown()[pri:0, instance:com.crm.qa.Tests.HomePageTest@1649b0e6]" started-at="2018-07-01T17:27:35Z" name="tearDown" finished-at="2018-07-01T17:27:37Z" duration-ms="2367" status="PASS">
          <reporter-output>
          </reporter-output>
        </test-method> <!-- tearDown -->
      </class> <!-- com.crm.qa.Tests.HomePageTest -->
      <class name="com.crm.qa.Tests.LoginPageTest">
        <test-method is-config="true" signature="setup()[pri:0, instance:com.crm.qa.Tests.LoginPageTest@2892dae4]" started-at="2018-07-01T17:24:28Z" name="setup" finished-at="2018-07-01T17:25:35Z" duration-ms="67415" status="PASS">
          <reporter-output>
          </reporter-output>
        </test-method> <!-- setup -->
        <test-method signature="CRMLogoTest()[pri:0, instance:com.crm.qa.Tests.LoginPageTest@2892dae4]" started-at="2018-07-01T17:25:35Z" name="CRMLogoTest" finished-at="2018-07-01T17:25:37Z" duration-ms="1675" status="PASS">
          <reporter-output>
          </reporter-output>
        </test-method> <!-- CRMLogoTest -->
        <test-method is-config="true" signature="tearDown()[pri:0, instance:com.crm.qa.Tests.LoginPageTest@2892dae4]" started-at="2018-07-01T17:25:37Z" name="tearDown" finished-at="2018-07-01T17:25:40Z" duration-ms="3151" status="PASS">
          <reporter-output>
          </reporter-output>
        </test-method> <!-- tearDown -->
        <test-method is-config="true" signature="setup()[pri:0, instance:com.crm.qa.Tests.LoginPageTest@2892dae4]" started-at="2018-07-01T17:25:40Z" name="setup" finished-at="2018-07-01T17:25:56Z" duration-ms="15564" status="PASS">
          <reporter-output>
          </reporter-output>
        </test-method> <!-- setup -->
        <test-method signature="loginPageTitleTest()[pri:0, instance:com.crm.qa.Tests.LoginPageTest@2892dae4]" started-at="2018-07-01T17:25:56Z" name="loginPageTitleTest" finished-at="2018-07-01T17:25:56Z" duration-ms="240" status="PASS">
          <reporter-output>
          </reporter-output>
        </test-method> <!-- loginPageTitleTest -->
        <test-method is-config="true" signature="tearDown()[pri:0, instance:com.crm.qa.Tests.LoginPageTest@2892dae4]" started-at="2018-07-01T17:25:56Z" name="tearDown" finished-at="2018-07-01T17:25:57Z" duration-ms="1492" status="PASS">
          <reporter-output>
          </reporter-output>
        </test-method> <!-- tearDown -->
        <test-method is-config="true" signature="setup()[pri:0, instance:com.crm.qa.Tests.LoginPageTest@2892dae4]" started-at="2018-07-01T17:25:57Z" name="setup" finished-at="2018-07-01T17:26:09Z" duration-ms="11752" status="PASS">
          <reporter-output>
          </reporter-output>
        </test-method> <!-- setup -->
        <test-method signature="loginTest()[pri:0, instance:com.crm.qa.Tests.LoginPageTest@2892dae4]" started-at="2018-07-01T17:26:09Z" name="loginTest" finished-at="2018-07-01T17:26:28Z" depends-on-methods="com.crm.qa.Tests.LoginPageTest.loginPageTitleTest, com.crm.qa.Tests.LoginPageTest.CRMLogoTest" duration-ms="18605" status="PASS">
          <reporter-output>
          </reporter-output>
        </test-method> <!-- loginTest -->
        <test-method is-config="true" signature="tearDown()[pri:0, instance:com.crm.qa.Tests.LoginPageTest@2892dae4]" started-at="2018-07-01T17:26:28Z" name="tearDown" finished-at="2018-07-01T17:26:29Z" duration-ms="1346" status="PASS">
          <reporter-output>
          </reporter-output>
        </test-method> <!-- tearDown -->
      </class> <!-- com.crm.qa.Tests.LoginPageTest -->
    </test> <!-- Test -->
  </suite> <!-- Suite -->
</testng-results>
